
11/2/2017, 3:15:13 PM

Operating System
  Name                        = Mac OS X
  Version                     = 10.12.6
  Architecture                = 64bit
  # CPUs                      = 8
  Memory                      = 17179869184

Node.js
  Node.js Version             = 6.10.3
  npm Version                 = 3.10.10

Titanium CLI
  CLI Version                 = 5.0.14

Titanium SDK
  SDK Version                 = 6.2.2.GA
  SDK Path                    = /Users/dmason/Library/Application Support/Titanium/mobilesdk/osx/6.2.2.GA
  Target Platform             = iphone

Command
  /usr/local/bin/node /Users/dmason/.appcelerator/install/6.3.0/package/node_modules/titanium/lib/titanium.js build --platform ios --log-level trace --sdk 6.2.2.GA --project-dir /Users/dmason/Syncplicity Folders/Appcelerator_Studio_Workspace/ARkit --target device --ios-version 11.0 --device-family iphone --developer-name Darren Mason (WEB826LN3F) --device-id 70b0108ba08b71a6dcd3d6aca28518b6886c6154 --pp-uuid ce7a4b6c-f327-4938-8f4c-01af2ff4e2a9 --build-type development --no-colors --no-progress-bars --no-prompt --prompt-type socket-bundle --prompt-port 54557 --config-file /var/folders/7t/8sknt0r506l100jgtzc29j6cz936_q/T/build-1509660911384.json --no-banner --project-dir /Users/dmason/Syncplicity Folders/Appcelerator_Studio_Workspace/ARkit

[DEBUG]  Detecting modules in /Users/dmason/Syncplicity Folders/Appcelerator_Studio_Workspace/ARkit/modules
[DEBUG]  Detected iphone module: ti.arkit 1.0.0 @ /Users/dmason/Syncplicity Folders/Appcelerator_Studio_Workspace/ARkit/modules/iphone/ti.arkit/1.0.0
[DEBUG]  Detecting modules in /Users/dmason/Library/Application Support/Titanium/modules
[DEBUG]  Detected android module: bencoding.securely 3.1.0 @ /Users/dmason/Library/Application Support/Titanium/modules/android/bencoding.securely/3.1.0
[DEBUG]  Detected android module: com.appcelerator.apm 1.1.5 @ /Users/dmason/Library/Application Support/Titanium/modules/android/com.appcelerator.apm/1.1.5
[DEBUG]  Detected android module: com.appcelerator.apm 2.0.0 @ /Users/dmason/Library/Application Support/Titanium/modules/android/com.appcelerator.apm/2.0.0
[DEBUG]  Detected android module: facebook 6.1.0 @ /Users/dmason/Library/Application Support/Titanium/modules/android/facebook/6.1.0
[DEBUG]  Detected android module: facebook 6.2.0 @ /Users/dmason/Library/Application Support/Titanium/modules/android/facebook/6.2.0
[DEBUG]  Detected android module: hyperloop 1.2.8 @ /Users/dmason/Library/Application Support/Titanium/modules/android/hyperloop/1.2.8
[DEBUG]  Detected android module: hyperloop 2.1.0 @ /Users/dmason/Library/Application Support/Titanium/modules/android/hyperloop/2.1.0
[DEBUG]  Detected android module: hyperloop 2.1.3 @ /Users/dmason/Library/Application Support/Titanium/modules/android/hyperloop/2.1.3
[DEBUG]  Detected android module: hyperloop 2.2.0 @ /Users/dmason/Library/Application Support/Titanium/modules/android/hyperloop/2.2.0
[DEBUG]  Detected android module: ti.cloudpush 4.0.3 @ /Users/dmason/Library/Application Support/Titanium/modules/android/ti.cloudpush/4.0.3
[DEBUG]  Detected android module: ti.cloudpush 4.0.4 @ /Users/dmason/Library/Application Support/Titanium/modules/android/ti.cloudpush/4.0.4
[DEBUG]  Detected android module: ti.geofence 2.0.1 @ /Users/dmason/Library/Application Support/Titanium/modules/android/ti.geofence/2.0.1
[DEBUG]  Detected android module: ti.map 3.0.1 @ /Users/dmason/Library/Application Support/Titanium/modules/android/ti.map/3.0.1
[DEBUG]  Detected android module: ti.map 3.3.1 @ /Users/dmason/Library/Application Support/Titanium/modules/android/ti.map/3.3.1
[DEBUG]  Detected android module: ti.touchid 2.1.0 @ /Users/dmason/Library/Application Support/Titanium/modules/android/ti.touchid/2.1.0
[DEBUG]  Detected android module: ti.touchid 2.2.0 @ /Users/dmason/Library/Application Support/Titanium/modules/android/ti.touchid/2.2.0
[DEBUG]  Detected commonjs module: ti.cloud 3.2.11 @ /Users/dmason/Library/Application Support/Titanium/modules/commonjs/ti.cloud/3.2.11
[DEBUG]  Detected iphone module: bencoding.securely 2.2.1 @ /Users/dmason/Library/Application Support/Titanium/modules/iphone/bencoding.securely/2.2.1
[DEBUG]  Detected iphone module: com.appcelerator.apm 1.1.5 @ /Users/dmason/Library/Application Support/Titanium/modules/iphone/com.appcelerator.apm/1.1.5
[DEBUG]  Detected iphone module: com.appcelerator.apm 2.0.0 @ /Users/dmason/Library/Application Support/Titanium/modules/iphone/com.appcelerator.apm/2.0.0
[DEBUG]  Detected iphone module: com.appcelerator.urlSession 2.1.0 @ /Users/dmason/Library/Application Support/Titanium/modules/iphone/com.appcelerator.urlSession/2.1.0
[DEBUG]  Detected iphone module: facebook 5.4.0 @ /Users/dmason/Library/Application Support/Titanium/modules/iphone/facebook/5.4.0
[DEBUG]  Detected iphone module: facebook 5.6.0 @ /Users/dmason/Library/Application Support/Titanium/modules/iphone/facebook/5.6.0
[DEBUG]  Detected iphone module: hyperloop 1.2.8 @ /Users/dmason/Library/Application Support/Titanium/modules/iphone/hyperloop/1.2.8
[DEBUG]  Detected iphone module: hyperloop 2.1.0 @ /Users/dmason/Library/Application Support/Titanium/modules/iphone/hyperloop/2.1.0
[DEBUG]  Detected iphone module: hyperloop 2.1.3 @ /Users/dmason/Library/Application Support/Titanium/modules/iphone/hyperloop/2.1.3
[DEBUG]  Detected iphone module: hyperloop 2.2.0 @ /Users/dmason/Library/Application Support/Titanium/modules/iphone/hyperloop/2.2.0
[DEBUG]  Detected iphone module: ti.arkit 1.0.0 @ /Users/dmason/Library/Application Support/Titanium/modules/iphone/ti.arkit/1.0.0
[DEBUG]  Detected iphone module: ti.coremotion 2.0.1 @ /Users/dmason/Library/Application Support/Titanium/modules/iphone/ti.coremotion/2.0.1
[DEBUG]  Detected iphone module: ti.geofence 2.0.1 @ /Users/dmason/Library/Application Support/Titanium/modules/iphone/ti.geofence/2.0.1
[DEBUG]  Detected iphone module: ti.map 2.12.1 @ /Users/dmason/Library/Application Support/Titanium/modules/iphone/ti.map/2.12.1
[DEBUG]  Detected iphone module: ti.map 2.12.3 @ /Users/dmason/Library/Application Support/Titanium/modules/iphone/ti.map/2.12.3
[DEBUG]  Detected iphone module: ti.map 2.9.0 @ /Users/dmason/Library/Application Support/Titanium/modules/iphone/ti.map/2.9.0
[DEBUG]  Detected iphone module: ti.safaridialog 1.1.1 @ /Users/dmason/Library/Application Support/Titanium/modules/iphone/ti.safaridialog/1.1.1
[DEBUG]  Detected iphone module: ti.touchid 2.1.2 @ /Users/dmason/Library/Application Support/Titanium/modules/iphone/ti.touchid/2.1.2
[DEBUG]  Detected windows module: hyperloop 2.1.0 @ /Users/dmason/Library/Application Support/Titanium/modules/windows/hyperloop/2.1.0
[DEBUG]  Detected windows module: hyperloop 2.1.3 @ /Users/dmason/Library/Application Support/Titanium/modules/windows/hyperloop/2.1.3
[DEBUG]  Detected windows module: hyperloop 2.2.0 @ /Users/dmason/Library/Application Support/Titanium/modules/windows/hyperloop/2.2.0
[DEBUG]  Looking for Titanium module id=ti.arkit version=latest platform=iphone deploy-type=test
[INFO]   Found Titanium module id=ti.arkit version=1.0.0 platform=iphone deploy-type=test path=/Users/dmason/Syncplicity Folders/Appcelerator_Studio_Workspace/ARkit/modules/iphone/ti.arkit/1.0.0
[DEBUG]  Detecting plugins in /Users/dmason/Syncplicity Folders/Appcelerator_Studio_Workspace/ARkit/plugins
[DEBUG]  Detected plugin: ti.alloy @ /Users/dmason/Syncplicity Folders/Appcelerator_Studio_Workspace/ARkit/plugins/ti.alloy
[DEBUG]  Detecting plugins in /Users/dmason/Library/Application Support/Titanium/plugins
[DEBUG]  Detected plugin: com.appcelerator.test @ /Users/dmason/Library/Application Support/Titanium/plugins/com.appcelerator.test
[DEBUG]  Detected plugin: hyperloop 1.2.8 @ /Users/dmason/Library/Application Support/Titanium/plugins/hyperloop/1.2.8
[DEBUG]  Detected plugin: hyperloop 2.1.0 @ /Users/dmason/Library/Application Support/Titanium/plugins/hyperloop/2.1.0
[DEBUG]  Detected plugin: hyperloop 2.1.3 @ /Users/dmason/Library/Application Support/Titanium/plugins/hyperloop/2.1.3
[DEBUG]  Detected plugin: hyperloop 2.2.0 @ /Users/dmason/Library/Application Support/Titanium/plugins/hyperloop/2.2.0
[DEBUG]  Looking for Titanium plugin id=ti.alloy version=1.0
[INFO]   Found Titanium plugin id=ti.alloy version=1.0 
[TRACE]  Snapshotting build directory
[DEBUG]  Titanium SDK iOS directory: /Users/dmason/Library/Application Support/Titanium/mobilesdk/osx/6.2.2.GA/iphone
[INFO]   Deploy type: test
[INFO]   Building for target: device
[INFO]   Building using iOS SDK: 11.0
[INFO]   Building for iOS device: 70b0108ba08b71a6dcd3d6aca28518b6886c6154
[INFO]   Building for device family: iphone
[DEBUG]  Setting Xcode target to Debug
[DEBUG]  Setting Xcode build OS to iphoneos
[DEBUG]  Xcode installation: /Applications/Xcode.app/Contents/Developer
[DEBUG]  iOS WWDR certificate: installed
[INFO]   iOS Development Certificate: Darren Mason (WEB826LN3F)
[INFO]   Minimum iOS version: 8.0
[INFO]   Using default keychain
[INFO]   Logging enabled on port 17184
[INFO]   Debugging disabled
[INFO]   Profiler disabled
[INFO]   Set to copy files instead of symlinking
[INFO]   Initializing the build directory
[INFO]   Found Alloy app in /Users/dmason/Syncplicity Folders/Appcelerator_Studio_Workspace/ARkit/app
[INFO]   Executing Alloy compile: /usr/local/bin/node /Users/dmason/.appcelerator/install/6.3.0/package/node_modules/alloy/bin/alloy compile /Users/dmason/Syncplicity Folders/Appcelerator_Studio_Workspace/ARkit/app --config platform=ios,version=0,simtype=none,devicefamily=iphone,deploytype=test,target=device --no-colors
[DEBUG]         .__  .__                
[DEBUG]  _____  |  | |  |   ____ ___.__.
[DEBUG]  \__  \ |  | |  |  /  _ <   |  |
[DEBUG]   / __ \|  |_|  |_(  <_> )___  |
[DEBUG]  (____  /____/____/\____// ____|
[DEBUG]       \/                 \/
[DEBUG]  Alloy 1.10.7 by Appcelerator. The MVC app framework for Titanium.
[DEBUG]  ----- CONFIGURATION -----
[DEBUG]  raw config = "platform=ios,version=0,simtype=none,devicefamily=iphone,deploytype=test,target=device"
[DEBUG]  platform = ios
[DEBUG]  version = 0
[DEBUG]  simtype = none
[DEBUG]  devicefamily = iphone
[DEBUG]  deploytype = test
[DEBUG]  target = device
[DEBUG]  project path = /Users/dmason/Syncplicity Folders/Appcelerator_Studio_Workspace/ARkit
[DEBUG]  app path = /Users/dmason/Syncplicity Folders/Appcelerator_Studio_Workspace/ARkit/app
[DEBUG]  
[DEBUG]  ----- CONFIG.JSON -----
[DEBUG]  dependencies = {}
[INFO]   [config.json] config.json unchanged, using cached config.json...
[DEBUG]  {
[DEBUG]  "dependencies": {},
[DEBUG]  "sourcemap": true,
[DEBUG]  "autoStyle": false,
[DEBUG]  "adapters": [
[DEBUG]  "localStorage",
[DEBUG]  "properties",
[DEBUG]  "sql"
[DEBUG]  ]
[DEBUG]  }
[DEBUG]  
[DEBUG]  ----- CLEANING RESOURCES -----
[DEBUG]  Removing orphaned controllers ...
[DEBUG]  Removing orphaned models ...
[DEBUG]  Removing orphaned styles ...
[DEBUG]  Removing orphaned sync adapters...
[DEBUG]  Removing orphaned assets and libs...
[DEBUG]  
[DEBUG]  ----- BASE RUNTIME FILES -----
[TRACE]  SRC_DIR=/Users/dmason/.appcelerator/install/6.3.0/package/node_modules/alloy/Alloy/lib
[TRACE]  Copying SRC_DIR/alloy/widget.js --> Resources/iphone/alloy/widget.js
[TRACE]  Copying SRC_DIR/alloy/underscore.js --> Resources/iphone/alloy/underscore.js
[TRACE]  Copying SRC_DIR/alloy/sync/sql.js --> Resources/iphone/alloy/sync/sql.js
[TRACE]  Copying SRC_DIR/alloy/sync/properties.js --> Resources/iphone/alloy/sync/properties.js
[TRACE]  Copying SRC_DIR/alloy/sync/localStorage.js --> Resources/iphone/alloy/sync/localStorage.js
[TRACE]  Copying SRC_DIR/alloy/controllers/BaseController.js --> Resources/iphone/alloy/controllers/BaseController.js
[TRACE]  
[TRACE]  Generating ../../../../../../Users/dmason/Syncplicity Folders/Appcelerator_Studio_Workspace/ARkit/Resources/iphone/alloy.js
[TRACE]  SRC_DIR=/Users/dmason/.appcelerator/install/6.3.0/package/node_modules/alloy/Alloy/common
[TRACE]  Copying SRC_DIR/constants.js --> Resources/iphone/alloy/constants.js
[TRACE]  
[TRACE]  SRC_DIR=/Users/dmason/Syncplicity Folders/Appcelerator_Studio_Workspace/ARkit/app/assets
[TRACE]  
[DEBUG]  Resetting /Users/dmason/Syncplicity Folders/Appcelerator_Studio_Workspace/ARkit/platform/ios
[DEBUG]  
[DEBUG]  Resetting /Users/dmason/Syncplicity Folders/Appcelerator_Studio_Workspace/ARkit/i18n
[DEBUG]  
[INFO]   ----- MVC GENERATION -----
[INFO]   [global style] loading from cache...
[INFO]   [index.xml] view processing...
[INFO]   style:      "index.tss"
[INFO]   view:       "index.xml"
[INFO]   controller: "index.js"
[INFO]   created:    "Resources/iphone/alloy/controllers/index.js"
[DEBUG]  map:        "build/map/Resources/iphone/alloy/controllers/index.js.map"
[INFO]   created:     "Resources/iphone/alloy/styles/index.js"
[INFO]   
[INFO]   [app.js] using cached app.js...
[INFO]   
[INFO]   ----- OPTIMIZING -----
[INFO]   - iphone/alloy.js
[INFO]   - iphone/alloy/sync/localStorage.js
[INFO]   - iphone/alloy/sync/properties.js
[INFO]   - iphone/alloy/sync/sql.js
[TRACE]  
[TRACE]  Benchmarking
[TRACE]  ------------
[TRACE]  [0.38423s] TOTAL
[INFO]   
[INFO]   Alloy compiled in 0.38423s
[INFO]   Alloy compiler completed successfully
[TRACE]  Starting third-party framework detection
[TRACE]  Scanning /Users/dmason/Syncplicity Folders/Appcelerator_Studio_Workspace/ARkit/platform/ios for frameworks
[TRACE]  offline build file /var/folders/7t/8sknt0r506l100jgtzc29j6cz936_q/T/build-99b5904e5f34f40c86de50f17ceda312b6c7382c.json
[TRACE]  online 1
[TRACE]  sending request {"json":{"username":"dmason@axway.com","session":"9315e8d72ba8edd51a22212181832d64f9ad1a01 cs0WTxxOATtTeSIMfEb/PsDLc3ozJzsyvXgAiElv58LI/dL1pDIQwFjbXzS1GjkpqqdAmwt7fkUopJjuL2rBzxUXdOI6LLq68YvzSemvMdgEJcjCE2RReNnlyuGOc5nE+Zm/OvpZ9XfXy7A6J89LOyF7eS/w00sfhELZpKBLbJuz/gWzNBn6CidUE7nBgJknqKriuPdCSbElcUU3PC+E8GnREi/UsLUkK3+EdxzWBHSdV07Uwy715sC0OMqNMsklsd8+Jlp0k7dOkmDEqtM+w4Ph2j2R/VeLgFAZrJdHiAq9I1h1pd7ZvNVKN+pdmYVXmRzvlsFmBBNLDrVN+f+/GlX1JXkqRhbNp9XqRh3tUim3zvPAVjZKsj5qbp9P9IOaPpuR7iEGong7stjccVWqaaHkzpWERk7ThB6SkEDPN9+Bj8jz5uzkYMye6KhV9e2sLWnRj29qVkSCpY7zOl5L4CbE/TxNl3pavMd265aP17KYSIAzLPKr88lKtQ6+yr7xmsqJ5Ctv+t70bsGUT/uhU/ZYZ1w8qq4G2CW+NuGrIhp1K973JxVbV7ZzMPV49kGzsmAdJMTgmgdLtJob+5j0u7WIMqznhRHT9EOiwDxp9rmJSQK9fLxFMVo77ZKtGOQQTyP8TrQzy0LT/sj1ulSfrKKLbJatasRyZiwYOa9NdHJE7/Y8a7IHir2TDqkHfg5QBmXCDMiyeTmxqUZznIkWhw==","ipaddress":"10.129.222.130","fingerprint":"0a92fa357215bfe498028ec258faaf7292438a99","fingerprint_description":"Mac OSX Serial Number: C02ST280G8WL","guid":"a86b85f5-77b9-4547-9777-7638700b55c2","appid":"com.axway.arkit","name":"ARkit","org_id":100094705,"deploytype":"test","tiappxml":"<?xml version=\"1.0\" encoding=\"UTF-8\"?>\n<ti:app \n  xmlns:ti=\"http://ti.appcelerator.org\">\n  <property name=\"active-environment-name\" type=\"string\">***</property>\n  <property name=\"active-environment-id\" type=\"string\">***</property>\n  <property name=\"acs-authbase-url\" type=\"string\">***</property>\n  <property name=\"acs-base-url\" type=\"string\">***</property>\n  <property name=\"acs-api-key\" type=\"string\">***</property>\n  <id>com.axway.arkit</id>\n  <name>ARkit</name>\n  <version>1.0</version>\n  <publisher>Darren Mason</publisher>\n  <url>undefined</url>\n  <description>undefined</description>\n  <copyright>2017 by Axway</copyright>\n  <icon>appicon.png</icon>\n  <fullscreen>false</fullscreen>\n  <navbar-hidden>false</navbar-hidden>\n  <analytics>true</analytics>\n  <guid>a86b85f5-77b9-4547-9777-7638700b55c2</guid>\n  <property name=\"ti.ui.defaultunit\" type=\"string\">dp</property>\n  <property name=\"run-on-main-thread\" type=\"bool\">***</property>\n  <ios>\n    <enable-launch-screen-storyboard>true</enable-launch-screen-storyboard>\n    <use-app-thinning>true</use-app-thinning>\n    <plist>\n      <dict>\n        <key>NSLocationWhenInUseUsageDescription</key>\n        <string>\n                    We need your location so we can locate your current region location\n                </string>\n        <key>UISupportedInterfaceOrientations~iphone</key>\n        <array>\n          <string>UIInterfaceOrientationPortrait</string>\n        </array>\n        <key>UISupportedInterfaceOrientations~ipad</key>\n        <array>\n          <string>UIInterfaceOrientationPortrait</string>\n          <string>UIInterfaceOrientationPortraitUpsideDown</string>\n          <string>UIInterfaceOrientationLandscapeLeft</string>\n          <string>UIInterfaceOrientationLandscapeRight</string>\n        </array>\n        <key>UIRequiresPersistentWiFi</key>\n        <false/>\n        <key>UIPrerenderedIcon</key>\n        <false/>\n        <key>UIStatusBarHidden</key>\n        <false/>\n        <key>UIStatusBarStyle</key>\n        <string>UIStatusBarStyleDefault</string>\n        <key>NSCameraUsageDescription</key>\n        <string>Can we use your camera?</string>\n        <key>UIRequiredDeviceCapabilities</key>\n        <array>\n          <string>armv7</string>\n          <string>arkit</string>\n        </array>\n      </dict>\n    </plist>\n  </ios>\n  <android \n    xmlns:android=\"http://schemas.android.com/apk/res/android\"/>\n    <mobileweb>\n      <precache/>\n      <splash>\n        <enabled>true</enabled>\n        <inline-css-images>true</inline-css-images>\n      </splash>\n      <theme>default</theme>\n    </mobileweb>\n    <modules>\n      <module platform=\"iphone\">ti.arkit</module>\n    </modules>\n    <deployment-targets>\n      <target device=\"android\">false</target>\n      <target device=\"ipad\">false</target>\n      <target device=\"iphone\">true</target>\n      <target device=\"mobileweb\">false</target>\n    </deployment-targets>\n    <sdk-version>6.2.2.GA</sdk-version>\n    <plugins>\n      <plugin version=\"1.0\">ti.alloy</plugin>\n    </plugins>\n    <property name=\"appc-app-id\" type=\"string\">59f0a07185a41223ff0f2a10</property>\n  </ti:app>","modules":[{"id":"ti.arkit","platform":["iphone"],"deployType":["test"],"modulePath":"/Users/dmason/Syncplicity Folders/Appcelerator_Studio_Workspace/ARkit/modules/iphone/ti.arkit/1.0.0","version":"1.0.0","manifest":{"version":"1.0.0","apiversion":"2","architectures":"armv7 arm64 i386 x86_64","description":"titanium-arkit","author":"Hans Knoechel","license":"Specify your license","copyright":"Copyright (c) 2017 by Your Company","name":"titanium-arkit","moduleid":"ti.arkit","guid":"8dffad53-18ac-4879-b215-df36d24b6ea0","platform":"iphone","minsdk":"6.1.2.GA"},"native":true,"libName":"libti.arkit.a","libFile":"/Users/dmason/Syncplicity Folders/Appcelerator_Studio_Workspace/ARkit/modules/iphone/ti.arkit/1.0.0/libti.arkit.a","hash":"427928f21773c31cd8248cf08b64f5a8"}]},"gzip":true,"followAllRedirects":true,"url":"https://platform.appcelerator.com/api/v1/auth/build-verify"}
[TRACE]  result from /build-verify=> {"key":"Lpg+mGba3Z6WXu8HPm1NiA==","pepper":"/y2yBaexL9Jllyvx5EcNPQ==","hmacKey":"KpK4NcLLbOkzJa9sOrOtvg==","o":100094705,"u":"73869121-897c-4725-a76a-f95c53b0837d","p":"enterprise","i":"59fb990b2836cd7bad43b2a7","success":true}, err=null
[INFO]   JavaScript files need to be encrypted
[INFO]   Creating Xcode project
[TRACE]  Removing pre-compile phase
[TRACE]  Adding 1 native module library
[TRACE]  No extensions to add
[TRACE]  No change, skipping /Users/dmason/Syncplicity Folders/Appcelerator_Studio_Workspace/ARkit/build/iphone/ARkit.xcodeproj/project.pbxproj
[INFO]   Creating Entitlements.plist
[TRACE]  No change, skipping /Users/dmason/Syncplicity Folders/Appcelerator_Studio_Workspace/ARkit/build/iphone/ARkit.entitlements
[INFO]   Creating Info.plist
[DEBUG]  Checking for Splash Screen localization
[INFO]   Disabling ATS
[TRACE]  No change, skipping /Users/dmason/Syncplicity Folders/Appcelerator_Studio_Workspace/ARkit/build/iphone/Info.plist
[INFO]   Creating main.m
[TRACE]  No change, skipping /Users/dmason/Syncplicity Folders/Appcelerator_Studio_Workspace/ARkit/build/iphone/main.m
[INFO]   Creating Xcode config files
[TRACE]  No change, skipping /Users/dmason/Syncplicity Folders/Appcelerator_Studio_Workspace/ARkit/build/iphone/project.xcconfig
[TRACE]  No change, skipping /Users/dmason/Syncplicity Folders/Appcelerator_Studio_Workspace/ARkit/build/iphone/module.xcconfig
[INFO]   Copying Titanium libraries
[TRACE]  No change, skipping /Users/dmason/Syncplicity Folders/Appcelerator_Studio_Workspace/ARkit/build/iphone/lib/libTiCore.a
[TRACE]  No change, skipping /Users/dmason/Syncplicity Folders/Appcelerator_Studio_Workspace/ARkit/build/iphone/lib/libtiverify.a
[TRACE]  No change, skipping /Users/dmason/Syncplicity Folders/Appcelerator_Studio_Workspace/ARkit/build/iphone/lib/libti_ios_debugger.a
[TRACE]  No change, skipping /Users/dmason/Syncplicity Folders/Appcelerator_Studio_Workspace/ARkit/build/iphone/lib/libti_ios_profiler.a
[INFO]   Copying Titanium iOS files
[TRACE]  Skipping Classes/ApplicationRouting.m, it'll be processed later
[TRACE]  No change, skipping /Users/dmason/Syncplicity Folders/Appcelerator_Studio_Workspace/ARkit/build/iphone/ARkit_Prefix.pch
[TRACE]  No change, skipping /Users/dmason/Syncplicity Folders/Appcelerator_Studio_Workspace/ARkit/build/iphone/ARkit.xcodeproj/xcshareddata/xcschemes/ARkit.xcscheme
[INFO]   Installing default LaunchScreen.storyboard
[TRACE]  No change, skipping /Users/dmason/Syncplicity Folders/Appcelerator_Studio_Workspace/ARkit/build/iphone/LaunchScreen.storyboard
[INFO]   Creating debugger and profiler plists
[DEBUG]  Skipping /Users/dmason/Syncplicity Folders/Appcelerator_Studio_Workspace/ARkit/build/iphone/build/Products/Debug-iphoneos/ARkit.app/debugger.plist
[DEBUG]  Skipping /Users/dmason/Syncplicity Folders/Appcelerator_Studio_Workspace/ARkit/build/iphone/build/Products/Debug-iphoneos/ARkit.app/profiler.plist
[INFO]   Analyzing Resources directory
[INFO]   Analyzing platform files
[INFO]   Analyzing module files
[INFO]   Analyzing localized launch images
[INFO]   Analyzing CommonJS modules
[INFO]   Creating asset catalog
[TRACE]  No change, skipping /Users/dmason/Syncplicity Folders/Appcelerator_Studio_Workspace/ARkit/build/iphone/Assets.xcassets/Contents.json
[INFO]   Creating app icon set
[TRACE]  Found generated 58x58 app icon: /Users/dmason/Syncplicity Folders/Appcelerator_Studio_Workspace/ARkit/build/iphone/Assets.xcassets/AppIcon.appiconset/appicon-Small@2x.png
[TRACE]  Found generated 87x87 app icon: /Users/dmason/Syncplicity Folders/Appcelerator_Studio_Workspace/ARkit/build/iphone/Assets.xcassets/AppIcon.appiconset/appicon-Small@3x.png
[TRACE]  Found generated 80x80 app icon: /Users/dmason/Syncplicity Folders/Appcelerator_Studio_Workspace/ARkit/build/iphone/Assets.xcassets/AppIcon.appiconset/appicon-Small-40@2x.png
[TRACE]  Found generated 120x120 app icon: /Users/dmason/Syncplicity Folders/Appcelerator_Studio_Workspace/ARkit/build/iphone/Assets.xcassets/AppIcon.appiconset/appicon-Small-40@3x.png
[TRACE]  Found generated 120x120 app icon: /Users/dmason/Syncplicity Folders/Appcelerator_Studio_Workspace/ARkit/build/iphone/Assets.xcassets/AppIcon.appiconset/appicon-60@2x.png
[TRACE]  Found generated 180x180 app icon: /Users/dmason/Syncplicity Folders/Appcelerator_Studio_Workspace/ARkit/build/iphone/Assets.xcassets/AppIcon.appiconset/appicon-60@3x.png
[TRACE]  Found generated 1024x1024 app icon: /Users/dmason/Syncplicity Folders/Appcelerator_Studio_Workspace/ARkit/build/iphone/Assets.xcassets/AppIcon.appiconset/appicon-Marketing.png
[TRACE]  No change, skipping /Users/dmason/Syncplicity Folders/Appcelerator_Studio_Workspace/ARkit/build/iphone/Assets.xcassets/AppIcon.appiconset/Contents.json
[INFO]   Creating launch logo image set
[TRACE]  Found generated 320x320 launch logo: /Users/dmason/Syncplicity Folders/Appcelerator_Studio_Workspace/ARkit/build/iphone/Assets.xcassets/LaunchLogo.imageset/LaunchLogo~iphone.png
[TRACE]  Found generated 374x374 launch logo: /Users/dmason/Syncplicity Folders/Appcelerator_Studio_Workspace/ARkit/build/iphone/Assets.xcassets/LaunchLogo.imageset/LaunchLogo@2x~iphone.png
[TRACE]  Found generated 621x621 launch logo: /Users/dmason/Syncplicity Folders/Appcelerator_Studio_Workspace/ARkit/build/iphone/Assets.xcassets/LaunchLogo.imageset/LaunchLogo@3x~iphone.png
[TRACE]  Found generated 384x384 launch logo: /Users/dmason/Syncplicity Folders/Appcelerator_Studio_Workspace/ARkit/build/iphone/Assets.xcassets/LaunchLogo.imageset/LaunchLogo~ipad.png
[TRACE]  Found generated 1024x1024 launch logo: /Users/dmason/Syncplicity Folders/Appcelerator_Studio_Workspace/ARkit/build/iphone/Assets.xcassets/LaunchLogo.imageset/LaunchLogo@2x~ipad.png
[TRACE]  No change, skipping /Users/dmason/Syncplicity Folders/Appcelerator_Studio_Workspace/ARkit/build/iphone/Assets.xcassets/LaunchLogo.imageset/Contents.json
[INFO]   Creating launch image set
[DEBUG]  Skipping iPad launch image: Resources/iphone/Default-Landscape.png
[DEBUG]  Skipping iPad launch image: Resources/iphone/Default-Landscape@2x.png
[DEBUG]  Skipping iPad launch image: Resources/iphone/Default-Portrait.png
[DEBUG]  Skipping iPad launch image: Resources/iphone/Default-Portrait@2x.png
[DEBUG]  Unsupported launch image Resources/iphone/Default.png, skipping
[TRACE]  No change, skipping /Users/dmason/Syncplicity Folders/Appcelerator_Studio_Workspace/ARkit/build/iphone/Assets.xcassets/LaunchImage.launchimage/Contents.json
[INFO]   Creating assets image set
[TRACE]  No change, skipping /Users/dmason/Syncplicity Folders/Appcelerator_Studio_Workspace/ARkit/build/iphone/Assets.xcassets/f52afb24c135db7e8b1d4d82bda938c3e8b80a12.imageset/Contents.json
[TRACE]  No change, skipping /Users/dmason/Syncplicity Folders/Appcelerator_Studio_Workspace/ARkit/build/iphone/Assets.xcassets/57f9cee824f07c29cb5a8a9f2bd26b5b57504e9e.imageset/Contents.json
[TRACE]  No change, skipping /Users/dmason/Syncplicity Folders/Appcelerator_Studio_Workspace/ARkit/build/iphone/Assets.xcassets/057a85422227c6c314d348af5a354be7d2bfafcc.imageset/Contents.json
[DEBUG]  Copying resources
[TRACE]  No change, skipping /Users/dmason/Syncplicity Folders/Appcelerator_Studio_Workspace/ARkit/build/iphone/build/Products/Debug-iphoneos/ARkit.app/Titanium.scnassets/frame.scn
[TRACE]  No change, skipping /Users/dmason/Syncplicity Folders/Appcelerator_Studio_Workspace/ARkit/build/iphone/build/Products/Debug-iphoneos/ARkit.app/Titanium.scnassets/ship.scn
[TRACE]  No change, skipping /Users/dmason/Syncplicity Folders/Appcelerator_Studio_Workspace/ARkit/build/iphone/build/Products/Debug-iphoneos/ARkit.app/Titanium.scnassets/ti-logo.scn
[DEBUG]  Overwriting /Users/dmason/Syncplicity Folders/Appcelerator_Studio_Workspace/ARkit/platform/ios/alloy_generated => /Users/dmason/Syncplicity Folders/Appcelerator_Studio_Workspace/ARkit/build/iphone/alloy_generated
[TRACE]  No change, skipping /Users/dmason/Syncplicity Folders/Appcelerator_Studio_Workspace/ARkit/build/iphone/Assets.xcassets/LaunchImage.launchimage/Default-568h@2x.png
[TRACE]  No change, skipping /Users/dmason/Syncplicity Folders/Appcelerator_Studio_Workspace/ARkit/build/iphone/Assets.xcassets/LaunchImage.launchimage/Default-667h@2x.png
[TRACE]  No change, skipping /Users/dmason/Syncplicity Folders/Appcelerator_Studio_Workspace/ARkit/build/iphone/Assets.xcassets/LaunchImage.launchimage/Default-Landscape-736h@3x.png
[TRACE]  No change, skipping /Users/dmason/Syncplicity Folders/Appcelerator_Studio_Workspace/ARkit/build/iphone/Assets.xcassets/LaunchImage.launchimage/Default-Portrait-736h@3x.png
[TRACE]  No change, skipping /Users/dmason/Syncplicity Folders/Appcelerator_Studio_Workspace/ARkit/build/iphone/Assets.xcassets/LaunchImage.launchimage/Default@2x.png
[TRACE]  No change, skipping /Users/dmason/Syncplicity Folders/Appcelerator_Studio_Workspace/ARkit/build/iphone/Assets.xcassets/f52afb24c135db7e8b1d4d82bda938c3e8b80a12.imageset/mrbrainwash.jpg
[TRACE]  No change, skipping /Users/dmason/Syncplicity Folders/Appcelerator_Studio_Workspace/ARkit/build/iphone/Assets.xcassets/57f9cee824f07c29cb5a8a9f2bd26b5b57504e9e.imageset/texture.png
[TRACE]  No change, skipping /Users/dmason/Syncplicity Folders/Appcelerator_Studio_Workspace/ARkit/build/iphone/Assets.xcassets/057a85422227c6c314d348af5a354be7d2bfafcc.imageset/texture.png
[DEBUG]  Copying CSS files
[INFO]   Processing JavaScript files
[TRACE]  No change, skipping /Users/dmason/Syncplicity Folders/Appcelerator_Studio_Workspace/ARkit/build/iphone/assets/alloy/CFG_js
[TRACE]  No change, skipping /Users/dmason/Syncplicity Folders/Appcelerator_Studio_Workspace/ARkit/build/iphone/assets/app_js
[TRACE]  No change, skipping /Users/dmason/Syncplicity Folders/Appcelerator_Studio_Workspace/ARkit/build/iphone/assets/alloy/backbone_js
[TRACE]  No change, skipping /Users/dmason/Syncplicity Folders/Appcelerator_Studio_Workspace/ARkit/build/iphone/assets/alloy/constants_js
[TRACE]  No change, skipping /Users/dmason/Syncplicity Folders/Appcelerator_Studio_Workspace/ARkit/build/iphone/assets/alloy/controllers/BaseController_js
[DEBUG]  Copying and minifying /Users/dmason/Syncplicity Folders/Appcelerator_Studio_Workspace/ARkit/Resources/iphone/alloy/controllers/index.js => /Users/dmason/Syncplicity Folders/Appcelerator_Studio_Workspace/ARkit/build/iphone/assets/alloy/controllers/index_js
[TRACE]  No change, skipping /Users/dmason/Syncplicity Folders/Appcelerator_Studio_Workspace/ARkit/build/iphone/assets/alloy/styles/index_js
[TRACE]  No change, skipping /Users/dmason/Syncplicity Folders/Appcelerator_Studio_Workspace/ARkit/build/iphone/assets/alloy/sync/localStorage_js
[TRACE]  No change, skipping /Users/dmason/Syncplicity Folders/Appcelerator_Studio_Workspace/ARkit/build/iphone/assets/alloy/sync/properties_js
[TRACE]  No change, skipping /Users/dmason/Syncplicity Folders/Appcelerator_Studio_Workspace/ARkit/build/iphone/assets/alloy/sync/sql_js
[TRACE]  No change, skipping /Users/dmason/Syncplicity Folders/Appcelerator_Studio_Workspace/ARkit/build/iphone/assets/alloy/underscore_js
[TRACE]  No change, skipping /Users/dmason/Syncplicity Folders/Appcelerator_Studio_Workspace/ARkit/build/iphone/assets/alloy/widget_js
[TRACE]  No change, skipping /Users/dmason/Syncplicity Folders/Appcelerator_Studio_Workspace/ARkit/build/iphone/assets/alloy_js
[INFO]   Writing app properties
[TRACE]  No change, skipping /Users/dmason/Syncplicity Folders/Appcelerator_Studio_Workspace/ARkit/build/iphone/assets/_app_props__json
[INFO]   Encrypting JavaScript files
[DEBUG]  Preparing alloy/CFG_js
[DEBUG]  Preparing app_js
[DEBUG]  Preparing alloy/backbone_js
[DEBUG]  Preparing alloy/constants_js
[DEBUG]  Preparing alloy/controllers/BaseController_js
[DEBUG]  Preparing alloy/controllers/index_js
[DEBUG]  Preparing alloy/styles/index_js
[DEBUG]  Preparing alloy/sync/localStorage_js
[DEBUG]  Preparing alloy/sync/properties_js
[DEBUG]  Preparing alloy/sync/sql_js
[DEBUG]  Preparing alloy/underscore_js
[DEBUG]  Preparing alloy/widget_js
[DEBUG]  Preparing alloy_js
[DEBUG]  Preparing _app_props__json
[DEBUG]  Running /Users/dmason/Library/Application Support/Titanium/mobilesdk/osx/6.2.2.GA/iphone/titanium_prep "com.axway.arkit" "/Users/dmason/Syncplicity Folders/Appcelerator_Studio_Workspace/ARkit/build/iphone/assets"
[DEBUG]  Writing application routing source file: /Users/dmason/Syncplicity Folders/Appcelerator_Studio_Workspace/ARkit/build/iphone/Classes/ApplicationRouting.m
[INFO]   Writing i18n files
[DEBUG]  Compiling localization files
[DEBUG]  No i18n files to process
[INFO]   Processing Titanium symbols
[DEBUG]  Processing Titanium namespace resources
[TRACE]  No change, skipping /Users/dmason/Syncplicity Folders/Appcelerator_Studio_Workspace/ARkit/build/iphone/build/Products/Debug-iphoneos/ARkit.app/modules/ui/images/badge.png
[TRACE]  No change, skipping /Users/dmason/Syncplicity Folders/Appcelerator_Studio_Workspace/ARkit/build/iphone/build/Products/Debug-iphoneos/ARkit.app/modules/ui/images/closeButton.png
[TRACE]  No change, skipping /Users/dmason/Syncplicity Folders/Appcelerator_Studio_Workspace/ARkit/build/iphone/build/Products/Debug-iphoneos/ARkit.app/modules/ui/images/photoDefault.png
[TRACE]  No change, skipping /Users/dmason/Syncplicity Folders/Appcelerator_Studio_Workspace/ARkit/build/iphone/Classes/defines.h
[INFO]   Removing files
[DEBUG]  Removing empty directories
[INFO]   Optimizing .plist and .png files
[TRACE]  No change, skipping /Users/dmason/Syncplicity Folders/Appcelerator_Studio_Workspace/ARkit/build/iphone/build/Products/Debug-iphoneos/ARkit.app/Info.plist
[TRACE]  No change, skipping /Users/dmason/Syncplicity Folders/Appcelerator_Studio_Workspace/ARkit/build/iphone/build/Products/Debug-iphoneos/ARkit.app/modules/ui/images/badge.png
[TRACE]  No change, skipping /Users/dmason/Syncplicity Folders/Appcelerator_Studio_Workspace/ARkit/build/iphone/build/Products/Debug-iphoneos/ARkit.app/modules/ui/images/closeButton.png
[TRACE]  No change, skipping /Users/dmason/Syncplicity Folders/Appcelerator_Studio_Workspace/ARkit/build/iphone/build/Products/Debug-iphoneos/ARkit.app/modules/ui/images/photoDefault.png
[DEBUG]  Optimizing /Users/dmason/Syncplicity Folders/Appcelerator_Studio_Workspace/ARkit/build/iphone/build/Products/Debug-iphoneos/ARkit.app/LaunchScreen.storyboardc/Info.plist
[DEBUG]  Optimizing /Users/dmason/Syncplicity Folders/Appcelerator_Studio_Workspace/ARkit/build/iphone/build/Products/Debug-iphoneos/ARkit.app/AppIcon29x29@2x.png
[DEBUG]  Optimizing /Users/dmason/Syncplicity Folders/Appcelerator_Studio_Workspace/ARkit/build/iphone/build/Products/Debug-iphoneos/ARkit.app/AppIcon29x29@3x.png
[DEBUG]  Optimizing /Users/dmason/Syncplicity Folders/Appcelerator_Studio_Workspace/ARkit/build/iphone/build/Products/Debug-iphoneos/ARkit.app/AppIcon40x40@2x.png
[DEBUG]  Optimizing /Users/dmason/Syncplicity Folders/Appcelerator_Studio_Workspace/ARkit/build/iphone/build/Products/Debug-iphoneos/ARkit.app/AppIcon40x40@3x.png
[DEBUG]  Optimizing /Users/dmason/Syncplicity Folders/Appcelerator_Studio_Workspace/ARkit/build/iphone/build/Products/Debug-iphoneos/ARkit.app/AppIcon60x60@2x.png
[DEBUG]  Optimizing /Users/dmason/Syncplicity Folders/Appcelerator_Studio_Workspace/ARkit/build/iphone/build/Products/Debug-iphoneos/ARkit.app/AppIcon60x60@3x.png
[DEBUG]  Optimizing /Users/dmason/Syncplicity Folders/Appcelerator_Studio_Workspace/ARkit/build/iphone/build/Products/Debug-iphoneos/ARkit.app/LaunchImage-700-568h@2x.png
[DEBUG]  Optimizing /Users/dmason/Syncplicity Folders/Appcelerator_Studio_Workspace/ARkit/build/iphone/build/Products/Debug-iphoneos/ARkit.app/LaunchImage-700@2x.png
[DEBUG]  Optimizing /Users/dmason/Syncplicity Folders/Appcelerator_Studio_Workspace/ARkit/build/iphone/build/Products/Debug-iphoneos/ARkit.app/LaunchImage-800-667h@2x.png
[DEBUG]  Optimizing /Users/dmason/Syncplicity Folders/Appcelerator_Studio_Workspace/ARkit/build/iphone/build/Products/Debug-iphoneos/ARkit.app/LaunchImage-800-Landscape-736h@3x.png
[DEBUG]  Optimizing /Users/dmason/Syncplicity Folders/Appcelerator_Studio_Workspace/ARkit/build/iphone/build/Products/Debug-iphoneos/ARkit.app/LaunchImage-800-Portrait-736h@3x.png
[INFO]   Invoking xcodebuild
[DEBUG]  Invoking: DEVELOPER_DIR=/Applications/Xcode.app/Contents/Developer /Applications/Xcode.app/Contents/Developer/usr/bin/xcodebuild build -target ARkit -configuration Debug -scheme ARkit -derivedDataPath "/Users/dmason/Syncplicity Folders/Appcelerator_Studio_Workspace/ARkit/build/iphone/DerivedData" "OBJROOT=/Users/dmason/Syncplicity Folders/Appcelerator_Studio_Workspace/ARkit/build/iphone/build/Intermediates" "SHARED_PRECOMPS_DIR=/Users/dmason/Syncplicity Folders/Appcelerator_Studio_Workspace/ARkit/build/iphone/build/Intermediates/PrecompiledHeaders" "SYMROOT=/Users/dmason/Syncplicity Folders/Appcelerator_Studio_Workspace/ARkit/build/iphone/build/Products"
[TRACE]  User defaults from command line:
[TRACE]      IDEDerivedDataPathOverride = /Users/dmason/Syncplicity Folders/Appcelerator_Studio_Workspace/ARkit/build/iphone/DerivedData
[TRACE]  Build settings from command line:
[TRACE]      OBJROOT = /Users/dmason/Syncplicity Folders/Appcelerator_Studio_Workspace/ARkit/build/iphone/build/Intermediates
[TRACE]      SHARED_PRECOMPS_DIR = /Users/dmason/Syncplicity Folders/Appcelerator_Studio_Workspace/ARkit/build/iphone/build/Intermediates/PrecompiledHeaders
[TRACE]      SYMROOT = /Users/dmason/Syncplicity Folders/Appcelerator_Studio_Workspace/ARkit/build/iphone/build/Products
[TRACE]  
[TRACE]  === BUILD TARGET ARkit OF PROJECT ARkit WITH CONFIGURATION Debug ===
[TRACE]  Check dependencies
[TRACE]  
[TRACE]  CompileC build/Intermediates/ARkit.build/Debug-iphoneos/ARkit.build/Objects-normal/armv7/ApplicationRouting.o Classes/ApplicationRouting.m normal armv7 objective-c com.apple.compilers.llvm.clang.1_0.compiler
[TRACE]      cd "/Users/dmason/Syncplicity Folders/Appcelerator_Studio_Workspace/ARkit/build/iphone"
[TRACE]      export LANG=en_US.US-ASCII
[TRACE]      export PATH="/Applications/Xcode.app/Contents/Developer/Platforms/iPhoneOS.platform/Developer/usr/bin:/Applications/Xcode.app/Contents/Developer/usr/bin:/Library/Java/JavaVirtualMachines/jdk1.8.0_131.jdk/Contents/Home/bin:/usr/local/bin:/usr/bin:/bin:/usr/sbin:/sbin:/usr/local/sbin"
[TRACE]      /Applications/Xcode.app/Contents/Developer/Toolchains/XcodeDefault.xctoolchain/usr/bin/clang -x objective-c -arch armv7 -fmessage-length=0 -fdiagnostics-show-note-include-stack -fmacro-backtrace-limit=0 -std=c99 -fmodules -gmodules -fmodules-cache-path=/Users/dmason/Syncplicity\ Folders/Appcelerator_Studio_Workspace/ARkit/build/iphone/DerivedData/ModuleCache -fmodules-prune-interval=86400 -fmodules-prune-after=345600 -fbuild-session-file=/Users/dmason/Syncplicity\ Folders/Appcelerator_Studio_Workspace/ARkit/build/iphone/DerivedData/ModuleCache/Session.modulevalidation -fmodules-validate-once-per-build-session -Wnon-modular-include-in-framework-module -Werror=non-modular-include-in-framework-module -Wno-trigraphs -fpascal-strings -O0 -fno-common -Wno-missing-field-initializers -Wno-missing-prototypes -Wno-return-type -Wunreachable-code -Wno-implicit-atomic-properties -Wno-arc-repeated-use-of-weak -Wduplicate-method-match -Wno-missing-braces -Wno-parentheses -Wswitch -Wunused-function -Wno-unused-label -Wno-unused-parameter -Wno-unused-variable -Wno-unused-value -Wempty-body -Wuninitialized -Wno-unknown-pragmas -Wno-shadow -Wno-four-char-constants -Wno-conversion -Wconstant-conversion -Wint-conversion -Wbool-conversion -Wenum-conversion -Wno-float-conversion -Wno-non-literal-null-conversion -Wno-objc-literal-conversion -Wshorten-64-to-32 -Wpointer-sign -Wno-newline-eof -Wno-selector -Wno-strict-selector-match -Wundeclared-selector -Wno-deprecated-implementations -DDEPLOYTYPE=test -DLAUNCHSCREEN_STORYBOARD=1 -DDEFAULT_BGCOLOR_RED=1 -DDEFAULT_BGCOLOR_GREEN=1 -DDEFAULT_BGCOLOR_BLUE=1 -DTI_LOG_SERVER_PORT=17184 -DOBJC_OLD_DISPATCH_PROTOTYPES=0 -isysroot /Applications/Xcode.app/Contents/Developer/Platforms/iPhoneOS.platform/Developer/SDKs/iPhoneOS11.0.sdk -fstrict-aliasing -Wprotocol -Wdeprecated-declarations -miphoneos-version-min=8.0 -g -Wno-sign-conversion -Winfinite-recursion -Wno-comma -Wno-block-capture-autoreleasing -Wno-strict-prototypes -index-store-path /Users/dmason/Syncplicity\ Folders/Appcelerator_Studio_Workspace/ARkit/build/iphone/DerivedData/Index/DataStore -iquote /Users/dmason/Syncplicity\ Folders/Appcelerator_Studio_Workspace/ARkit/build/iphone/build/Intermediates/ARkit.build/Debug-iphoneos/ARkit.build/ARkit-generated-files.hmap -I/Users/dmason/Syncplicity\ Folders/Appcelerator_Studio_Workspace/ARkit/build/iphone/build/Intermediates/ARkit.build/Debug-iphoneos/ARkit.build/ARkit-own-target-headers.hmap -I/Users/dmason/Syncplicity\ Folders/Appcelerator_Studio_Workspace/ARkit/build/iphone/build/Intermediates/ARkit.build/Debug-iphoneos/ARkit.build/ARkit-all-target-headers.hmap -iquote /Users/dmason/Syncplicity\ Folders/Appcelerator_Studio_Workspace/ARkit/build/iphone/build/Intermediates/ARkit.build/Debug-iphoneos/ARkit.build/ARkit-project-headers.hmap -I/Users/dmason/Syncplicity\ Folders/Appcelerator_Studio_Workspace/ARkit/build/iphone/build/Products/Debug-iphoneos/include -I/Applications/Xcode.app/Contents/Developer/Platforms/iPhoneOS.platform/Developer/SDKs/iPhoneOS11.0.sdk/usr/include/libxml2 -Iheaders -I/Users/dmason/Syncplicity\ Folders/Appcelerator_Studio_Workspace/ARkit/build/iphone/build/Intermediates/ARkit.build/Debug-iphoneos/ARkit.build/DerivedSources/armv7 -I/Users/dmason/Syncplicity\ Folders/Appcelerator_Studio_Workspace/ARkit/build/iphone/build/Intermediates/ARkit.build/Debug-iphoneos/ARkit.build/DerivedSources -Wno-arc-performSelector-leaks -F/Users/dmason/Syncplicity\ Folders/Appcelerator_Studio_Workspace/ARkit/build/iphone/build/Products/Debug-iphoneos -DDEBUG -include /Users/dmason/Syncplicity\ Folders/Appcelerator_Studio_Workspace/ARkit/build/iphone/build/Intermediates/PrecompiledHeaders/ARkit_Prefix-akngynymkiywtlcczezcgkcooyli/ARkit_Prefix.pch -MMD -MT dependencies -MF /Users/dmason/Syncplicity\ Folders/Appcelerator_Studio_Workspace/ARkit/build/iphone/build/Intermediates/ARkit.build/Debug-iphoneos/ARkit.build/Objects-normal/armv7/ApplicationRouting.d --serialize-diagnostics /Users/dmason/Syncplicity\ Folders/Appcelerator_Studio_Workspace/ARkit/build/iphone/build/Intermediates/ARkit.build/Debug-iphoneos/ARkit.build/Objects-normal/armv7/ApplicationRouting.dia -c /Users/dmason/Syncplicity\ Folders/Appcelerator_Studio_Workspace/ARkit/build/iphone/Classes/ApplicationRouting.m -o /Users/dmason/Syncplicity\ Folders/Appcelerator_Studio_Workspace/ARkit/build/iphone/build/Intermediates/ARkit.build/Debug-iphoneos/ARkit.build/Objects-normal/armv7/ApplicationRouting.o
[TRACE]  
[TRACE]  CompileC build/Intermediates/ARkit.build/Debug-iphoneos/ARkit.build/Objects-normal/arm64/ApplicationRouting.o Classes/ApplicationRouting.m normal arm64 objective-c com.apple.compilers.llvm.clang.1_0.compiler
[TRACE]      cd "/Users/dmason/Syncplicity Folders/Appcelerator_Studio_Workspace/ARkit/build/iphone"
[TRACE]      export LANG=en_US.US-ASCII
[TRACE]      export PATH="/Applications/Xcode.app/Contents/Developer/Platforms/iPhoneOS.platform/Developer/usr/bin:/Applications/Xcode.app/Contents/Developer/usr/bin:/Library/Java/JavaVirtualMachines/jdk1.8.0_131.jdk/Contents/Home/bin:/usr/local/bin:/usr/bin:/bin:/usr/sbin:/sbin:/usr/local/sbin"
[TRACE]      /Applications/Xcode.app/Contents/Developer/Toolchains/XcodeDefault.xctoolchain/usr/bin/clang -x objective-c -arch arm64 -fmessage-length=0 -fdiagnostics-show-note-include-stack -fmacro-backtrace-limit=0 -std=c99 -fmodules -gmodules -fmodules-cache-path=/Users/dmason/Syncplicity\ Folders/Appcelerator_Studio_Workspace/ARkit/build/iphone/DerivedData/ModuleCache -fmodules-prune-interval=86400 -fmodules-prune-after=345600 -fbuild-session-file=/Users/dmason/Syncplicity\ Folders/Appcelerator_Studio_Workspace/ARkit/build/iphone/DerivedData/ModuleCache/Session.modulevalidation -fmodules-validate-once-per-build-session -Wnon-modular-include-in-framework-module -Werror=non-modular-include-in-framework-module -Wno-trigraphs -fpascal-strings -O0 -fno-common -Wno-missing-field-initializers -Wno-missing-prototypes -Wno-return-type -Wunreachable-code -Wno-implicit-atomic-properties -Wno-arc-repeated-use-of-weak -Wduplicate-method-match -Wno-missing-braces -Wno-parentheses -Wswitch -Wunused-function -Wno-unused-label -Wno-unused-parameter -Wno-unused-variable -Wno-unused-value -Wempty-body -Wuninitialized -Wno-unknown-pragmas -Wno-shadow -Wno-four-char-constants -Wno-conversion -Wconstant-conversion -Wint-conversion -Wbool-conversion -Wenum-conversion -Wno-float-conversion -Wno-non-literal-null-conversion -Wno-objc-literal-conversion -Wshorten-64-to-32 -Wpointer-sign -Wno-newline-eof -Wno-selector -Wno-strict-selector-match -Wundeclared-selector -Wno-deprecated-implementations -DDEPLOYTYPE=test -DLAUNCHSCREEN_STORYBOARD=1 -DDEFAULT_BGCOLOR_RED=1 -DDEFAULT_BGCOLOR_GREEN=1 -DDEFAULT_BGCOLOR_BLUE=1 -DTI_LOG_SERVER_PORT=17184 -DOBJC_OLD_DISPATCH_PROTOTYPES=0 -isysroot /Applications/Xcode.app/Contents/Developer/Platforms/iPhoneOS.platform/Developer/SDKs/iPhoneOS11.0.sdk -fstrict-aliasing -Wprotocol -Wdeprecated-declarations -miphoneos-version-min=8.0 -g -Wno-sign-conversion -Winfinite-recursion -Wno-comma -Wno-block-capture-autoreleasing -Wno-strict-prototypes -index-store-path /Users/dmason/Syncplicity\ Folders/Appcelerator_Studio_Workspace/ARkit/build/iphone/DerivedData/Index/DataStore -iquote /Users/dmason/Syncplicity\ Folders/Appcelerator_Studio_Workspace/ARkit/build/iphone/build/Intermediates/ARkit.build/Debug-iphoneos/ARkit.build/ARkit-generated-files.hmap -I/Users/dmason/Syncplicity\ Folders/Appcelerator_Studio_Workspace/ARkit/build/iphone/build/Intermediates/ARkit.build/Debug-iphoneos/ARkit.build/ARkit-own-target-headers.hmap -I/Users/dmason/Syncplicity\ Folders/Appcelerator_Studio_Workspace/ARkit/build/iphone/build/Intermediates/ARkit.build/Debug-iphoneos/ARkit.build/ARkit-all-target-headers.hmap -iquote /Users/dmason/Syncplicity\ Folders/Appcelerator_Studio_Workspace/ARkit/build/iphone/build/Intermediates/ARkit.build/Debug-iphoneos/ARkit.build/ARkit-project-headers.hmap -I/Users/dmason/Syncplicity\ Folders/Appcelerator_Studio_Workspace/ARkit/build/iphone/build/Products/Debug-iphoneos/include -I/Applications/Xcode.app/Contents/Developer/Platforms/iPhoneOS.platform/Developer/SDKs/iPhoneOS11.0.sdk/usr/include/libxml2 -Iheaders -I/Users/dmason/Syncplicity\ Folders/Appcelerator_Studio_Workspace/ARkit/build/iphone/build/Intermediates/ARkit.build/Debug-iphoneos/ARkit.build/DerivedSources/arm64 -I/Users/dmason/Syncplicity\ Folders/Appcelerator_Studio_Workspace/ARkit/build/iphone/build/Intermediates/ARkit.build/Debug-iphoneos/ARkit.build/DerivedSources -Wno-arc-performSelector-leaks -F/Users/dmason/Syncplicity\ Folders/Appcelerator_Studio_Workspace/ARkit/build/iphone/build/Products/Debug-iphoneos -DDEBUG -include /Users/dmason/Syncplicity\ Folders/Appcelerator_Studio_Workspace/ARkit/build/iphone/build/Intermediates/PrecompiledHeaders/ARkit_Prefix-epsnbxlwfjcuadaygrdkactmmnxg/ARkit_Prefix.pch -MMD -MT dependencies -MF /Users/dmason/Syncplicity\ Folders/Appcelerator_Studio_Workspace/ARkit/build/iphone/build/Intermediates/ARkit.build/Debug-iphoneos/ARkit.build/Objects-normal/arm64/ApplicationRouting.d --serialize-diagnostics /Users/dmason/Syncplicity\ Folders/Appcelerator_Studio_Workspace/ARkit/build/iphone/build/Intermediates/ARkit.build/Debug-iphoneos/ARkit.build/Objects-normal/arm64/ApplicationRouting.dia -c /Users/dmason/Syncplicity\ Folders/Appcelerator_Studio_Workspace/ARkit/build/iphone/Classes/ApplicationRouting.m -o /Users/dmason/Syncplicity\ Folders/Appcelerator_Studio_Workspace/ARkit/build/iphone/build/Intermediates/ARkit.build/Debug-iphoneos/ARkit.build/Objects-normal/arm64/ApplicationRouting.o
[TRACE]  
[TRACE]  Ld build/Intermediates/ARkit.build/Debug-iphoneos/ARkit.build/Objects-normal/armv7/ARkit normal armv7
[TRACE]      cd "/Users/dmason/Syncplicity Folders/Appcelerator_Studio_Workspace/ARkit/build/iphone"
[TRACE]      export IPHONEOS_DEPLOYMENT_TARGET=8.0
[TRACE]      export PATH="/Applications/Xcode.app/Contents/Developer/Platforms/iPhoneOS.platform/Developer/usr/bin:/Applications/Xcode.app/Contents/Developer/usr/bin:/Library/Java/JavaVirtualMachines/jdk1.8.0_131.jdk/Contents/Home/bin:/usr/local/bin:/usr/bin:/bin:/usr/sbin:/sbin:/usr/local/sbin"
[TRACE]      /Applications/Xcode.app/Contents/Developer/Toolchains/XcodeDefault.xctoolchain/usr/bin/clang++ -arch armv7 -isysroot /Applications/Xcode.app/Contents/Developer/Platforms/iPhoneOS.platform/Developer/SDKs/iPhoneOS11.0.sdk -L/Users/dmason/Syncplicity\ Folders/Appcelerator_Studio_Workspace/ARkit/build/iphone/build/Products/Debug-iphoneos -L/Users/dmason/Syncplicity\ Folders/Appcelerator_Studio_Workspace/ARkit/build/iphone/lib -L/Users/dmason/Syncplicity\ Folders/Appcelerator_Studio_Workspace/ARkit/build/iphone/Classes/APSAnalytics -L/Users/dmason/Syncplicity\ Folders/Appcelerator_Studio_Workspace/ARkit/build/iphone/Classes/APSHTTPClient -L/Users/dmason/Syncplicity\ Folders/Appcelerator_Studio_Workspace/ARkit/modules/iphone/ti.arkit/1.0.0 -F/Users/dmason/Syncplicity\ Folders/Appcelerator_Studio_Workspace/ARkit/build/iphone/build/Products/Debug-iphoneos -filelist /Users/dmason/Syncplicity\ Folders/Appcelerator_Studio_Workspace/ARkit/build/iphone/build/Intermediates/ARkit.build/Debug-iphoneos/ARkit.build/Objects-normal/armv7/ARkit.LinkFileList -miphoneos-version-min=8.0 -dead_strip -Xlinker -object_path_lto -Xlinker /Users/dmason/Syncplicity\ Folders/Appcelerator_Studio_Workspace/ARkit/build/iphone/build/Intermediates/ARkit.build/Debug-iphoneos/ARkit.build/Objects-normal/armv7/ARkit_lto.o -Xlinker -export_dynamic -Xlinker -no_deduplicate -Xlinker -final_output -Xlinker /Applications/ARkit.app/ARkit -fobjc-link-runtime -stdlib=libc++ -ObjC -weak-lti_ios_profiler -weak-lti_ios_debugger -weak-lTiCore -framework ARKit -framework ARKit -weak_framework iAd -framework CoreMedia -weak_framework CoreMotion -lAPSAnalytics -weak_framework CoreText -framework EventKit -framework EventKitUI -weak_framework Security -licucore -framework Foundation -weak_framework UIKit -framework CoreGraphics -weak_framework AddressBook -framework AddressBookUI -framework CFNetwork -framework CoreLocation -weak_framework MapKit -framework MessageUI -framework MobileCoreServices -framework OpenGLES -framework QuartzCore -framework SystemConfiguration -lsqlite3 -lz -framework AudioToolbox -weak_framework MediaPlayer -framework AVFoundation -lxml2 -lAPSHTTPClient -ltiverify -lti.arkit -Xlinker -dependency_info -Xlinker /Users/dmason/Syncplicity\ Folders/Appcelerator_Studio_Workspace/ARkit/build/iphone/build/Intermediates/ARkit.build/Debug-iphoneos/ARkit.build/Objects-normal/armv7/ARkit_dependency_info.dat -o /Users/dmason/Syncplicity\ Folders/Appcelerator_Studio_Workspace/ARkit/build/iphone/build/Intermediates/ARkit.build/Debug-iphoneos/ARkit.build/Objects-normal/armv7/ARkit
[TRACE]  
[TRACE]  Ld build/Intermediates/ARkit.build/Debug-iphoneos/ARkit.build/Objects-normal/arm64/ARkit normal arm64
[TRACE]      cd "/Users/dmason/Syncplicity Folders/Appcelerator_Studio_Workspace/ARkit/build/iphone"
[TRACE]      export IPHONEOS_DEPLOYMENT_TARGET=8.0
[TRACE]      export PATH="/Applications/Xcode.app/Contents/Developer/Platforms/iPhoneOS.platform/Developer/usr/bin:/Applications/Xcode.app/Contents/Developer/usr/bin:/Library/Java/JavaVirtualMachines/jdk1.8.0_131.jdk/Contents/Home/bin:/usr/local/bin:/usr/bin:/bin:/usr/sbin:/sbin:/usr/local/sbin"
[TRACE]      /Applications/Xcode.app/Contents/Developer/Toolchains/XcodeDefault.xctoolchain/usr/bin/clang++ -arch arm64 -isysroot /Applications/Xcode.app/Contents/Developer/Platforms/iPhoneOS.platform/Developer/SDKs/iPhoneOS11.0.sdk -L/Users/dmason/Syncplicity\ Folders/Appcelerator_Studio_Workspace/ARkit/build/iphone/build/Products/Debug-iphoneos -L/Users/dmason/Syncplicity\ Folders/Appcelerator_Studio_Workspace/ARkit/build/iphone/lib -L/Users/dmason/Syncplicity\ Folders/Appcelerator_Studio_Workspace/ARkit/build/iphone/Classes/APSAnalytics -L/Users/dmason/Syncplicity\ Folders/Appcelerator_Studio_Workspace/ARkit/build/iphone/Classes/APSHTTPClient -L/Users/dmason/Syncplicity\ Folders/Appcelerator_Studio_Workspace/ARkit/modules/iphone/ti.arkit/1.0.0 -F/Users/dmason/Syncplicity\ Folders/Appcelerator_Studio_Workspace/ARkit/build/iphone/build/Products/Debug-iphoneos -filelist /Users/dmason/Syncplicity\ Folders/Appcelerator_Studio_Workspace/ARkit/build/iphone/build/Intermediates/ARkit.build/Debug-iphoneos/ARkit.build/Objects-normal/arm64/ARkit.LinkFileList -miphoneos-version-min=8.0 -dead_strip -Xlinker -object_path_lto -Xlinker /Users/dmason/Syncplicity\ Folders/Appcelerator_Studio_Workspace/ARkit/build/iphone/build/Intermediates/ARkit.build/Debug-iphoneos/ARkit.build/Objects-normal/arm64/ARkit_lto.o -Xlinker -export_dynamic -Xlinker -no_deduplicate -Xlinker -final_output -Xlinker /Applications/ARkit.app/ARkit -fobjc-link-runtime -stdlib=libc++ -ObjC -weak-lti_ios_profiler -weak-lti_ios_debugger -weak-lTiCore -framework ARKit -framework ARKit -weak_framework iAd -framework CoreMedia -weak_framework CoreMotion -lAPSAnalytics -weak_framework CoreText -framework EventKit -framework EventKitUI -weak_framework Security -licucore -framework Foundation -weak_framework UIKit -framework CoreGraphics -weak_framework AddressBook -framework AddressBookUI -framework CFNetwork -framework CoreLocation -weak_framework MapKit -framework MessageUI -framework MobileCoreServices -framework OpenGLES -framework QuartzCore -framework SystemConfiguration -lsqlite3 -lz -framework AudioToolbox -weak_framework MediaPlayer -framework AVFoundation -lxml2 -lAPSHTTPClient -ltiverify -lti.arkit -Xlinker -dependency_info -Xlinker /Users/dmason/Syncplicity\ Folders/Appcelerator_Studio_Workspace/ARkit/build/iphone/build/Intermediates/ARkit.build/Debug-iphoneos/ARkit.build/Objects-normal/arm64/ARkit_dependency_info.dat -o /Users/dmason/Syncplicity\ Folders/Appcelerator_Studio_Workspace/ARkit/build/iphone/build/Intermediates/ARkit.build/Debug-iphoneos/ARkit.build/Objects-normal/arm64/ARkit
[TRACE]  
[TRACE]  CreateUniversalBinary build/Products/Debug-iphoneos/ARkit.app/ARkit normal armv7\ arm64
[TRACE]      cd "/Users/dmason/Syncplicity Folders/Appcelerator_Studio_Workspace/ARkit/build/iphone"
[TRACE]      export PATH="/Applications/Xcode.app/Contents/Developer/Platforms/iPhoneOS.platform/Developer/usr/bin:/Applications/Xcode.app/Contents/Developer/usr/bin:/Library/Java/JavaVirtualMachines/jdk1.8.0_131.jdk/Contents/Home/bin:/usr/local/bin:/usr/bin:/bin:/usr/sbin:/sbin:/usr/local/sbin"
[TRACE]      /Applications/Xcode.app/Contents/Developer/Toolchains/XcodeDefault.xctoolchain/usr/bin/lipo -create /Users/dmason/Syncplicity\ Folders/Appcelerator_Studio_Workspace/ARkit/build/iphone/build/Intermediates/ARkit.build/Debug-iphoneos/ARkit.build/Objects-normal/armv7/ARkit /Users/dmason/Syncplicity\ Folders/Appcelerator_Studio_Workspace/ARkit/build/iphone/build/Intermediates/ARkit.build/Debug-iphoneos/ARkit.build/Objects-normal/arm64/ARkit -output /Users/dmason/Syncplicity\ Folders/Appcelerator_Studio_Workspace/ARkit/build/iphone/build/Products/Debug-iphoneos/ARkit.app/ARkit
[TRACE]  
[TRACE]  ProcessInfoPlistFile build/Products/Debug-iphoneos/ARkit.app/Info.plist Info.plist
[TRACE]      cd "/Users/dmason/Syncplicity Folders/Appcelerator_Studio_Workspace/ARkit/build/iphone"
[TRACE]      export PATH="/Applications/Xcode.app/Contents/Developer/Platforms/iPhoneOS.platform/Developer/usr/bin:/Applications/Xcode.app/Contents/Developer/usr/bin:/Library/Java/JavaVirtualMachines/jdk1.8.0_131.jdk/Contents/Home/bin:/usr/local/bin:/usr/bin:/bin:/usr/sbin:/sbin:/usr/local/sbin"
[TRACE]      builtin-infoPlistUtility /Users/dmason/Syncplicity\ Folders/Appcelerator_Studio_Workspace/ARkit/build/iphone/Info.plist -genpkginfo /Users/dmason/Syncplicity\ Folders/Appcelerator_Studio_Workspace/ARkit/build/iphone/build/Products/Debug-iphoneos/ARkit.app/PkgInfo -expandbuildsettings -format binary -platform iphoneos -additionalcontentfile /Users/dmason/Syncplicity\ Folders/Appcelerator_Studio_Workspace/ARkit/build/iphone/build/Intermediates/ARkit.build/Debug-iphoneos/ARkit.build/LaunchScreen-SBPartialInfo.plist -additionalcontentfile /Users/dmason/Syncplicity\ Folders/Appcelerator_Studio_Workspace/ARkit/build/iphone/build/Intermediates/ARkit.build/Debug-iphoneos/ARkit.build/assetcatalog_generated_info.plist -o /Users/dmason/Syncplicity\ Folders/Appcelerator_Studio_Workspace/ARkit/build/iphone/build/Products/Debug-iphoneos/ARkit.app/Info.plist
[TRACE]  
[TRACE]  GenerateDSYMFile build/Products/Debug-iphoneos/ARkit.app.dSYM build/Products/Debug-iphoneos/ARkit.app/ARkit
[TRACE]      cd "/Users/dmason/Syncplicity Folders/Appcelerator_Studio_Workspace/ARkit/build/iphone"
[TRACE]      export PATH="/Applications/Xcode.app/Contents/Developer/Platforms/iPhoneOS.platform/Developer/usr/bin:/Applications/Xcode.app/Contents/Developer/usr/bin:/Library/Java/JavaVirtualMachines/jdk1.8.0_131.jdk/Contents/Home/bin:/usr/local/bin:/usr/bin:/bin:/usr/sbin:/sbin:/usr/local/sbin"
[TRACE]      /Applications/Xcode.app/Contents/Developer/Toolchains/XcodeDefault.xctoolchain/usr/bin/dsymutil /Users/dmason/Syncplicity\ Folders/Appcelerator_Studio_Workspace/ARkit/build/iphone/build/Products/Debug-iphoneos/ARkit.app/ARkit -o /Users/dmason/Syncplicity\ Folders/Appcelerator_Studio_Workspace/ARkit/build/iphone/build/Products/Debug-iphoneos/ARkit.app.dSYM
[TRACE]  
[TRACE]  Strip build/Products/Debug-iphoneos/ARkit.app/ARkit
[TRACE]      cd "/Users/dmason/Syncplicity Folders/Appcelerator_Studio_Workspace/ARkit/build/iphone"
[TRACE]      export PATH="/Applications/Xcode.app/Contents/Developer/Platforms/iPhoneOS.platform/Developer/usr/bin:/Applications/Xcode.app/Contents/Developer/usr/bin:/Library/Java/JavaVirtualMachines/jdk1.8.0_131.jdk/Contents/Home/bin:/usr/local/bin:/usr/bin:/bin:/usr/sbin:/sbin:/usr/local/sbin"
[TRACE]      /Applications/Xcode.app/Contents/Developer/Toolchains/XcodeDefault.xctoolchain/usr/bin/strip /Users/dmason/Syncplicity\ Folders/Appcelerator_Studio_Workspace/ARkit/build/iphone/build/Products/Debug-iphoneos/ARkit.app/ARkit
[TRACE]  
[TRACE]  Touch build/Products/Debug-iphoneos/ARkit.app
[TRACE]      cd "/Users/dmason/Syncplicity Folders/Appcelerator_Studio_Workspace/ARkit/build/iphone"
[TRACE]      export PATH="/Applications/Xcode.app/Contents/Developer/Platforms/iPhoneOS.platform/Developer/usr/bin:/Applications/Xcode.app/Contents/Developer/usr/bin:/Library/Java/JavaVirtualMachines/jdk1.8.0_131.jdk/Contents/Home/bin:/usr/local/bin:/usr/bin:/bin:/usr/sbin:/sbin:/usr/local/sbin"
[TRACE]      /usr/bin/touch -c /Users/dmason/Syncplicity\ Folders/Appcelerator_Studio_Workspace/ARkit/build/iphone/build/Products/Debug-iphoneos/ARkit.app
[TRACE]  
[TRACE]  CodeSign build/Products/Debug-iphoneos/ARkit.app
[TRACE]      cd "/Users/dmason/Syncplicity Folders/Appcelerator_Studio_Workspace/ARkit/build/iphone"
[TRACE]      export CODESIGN_ALLOCATE=/Applications/Xcode.app/Contents/Developer/Toolchains/XcodeDefault.xctoolchain/usr/bin/codesign_allocate
[TRACE]      export PATH="/Applications/Xcode.app/Contents/Developer/Platforms/iPhoneOS.platform/Developer/usr/bin:/Applications/Xcode.app/Contents/Developer/usr/bin:/Library/Java/JavaVirtualMachines/jdk1.8.0_131.jdk/Contents/Home/bin:/usr/local/bin:/usr/bin:/bin:/usr/sbin:/sbin:/usr/local/sbin"
[TRACE]      
[TRACE]  Signing Identity:     "iPhone Developer: Darren Mason (WEB826LN3F)"
[TRACE]  Provisioning Profile: "arkit"
[TRACE]                        (ce7a4b6c-f327-4938-8f4c-01af2ff4e2a9)
[TRACE]      /usr/bin/codesign --force --sign 42A65697285F24D17BAE85542FAF1C277FC8E5E5 --entitlements /Users/dmason/Syncplicity\ Folders/Appcelerator_Studio_Workspace/ARkit/build/iphone/build/Intermediates/ARkit.build/Debug-iphoneos/ARkit.build/ARkit.app.xcent --timestamp=none /Users/dmason/Syncplicity\ Folders/Appcelerator_Studio_Workspace/ARkit/build/iphone/build/Products/Debug-iphoneos/ARkit.app
[TRACE]  
[TRACE]  Validate build/Products/Debug-iphoneos/ARkit.app
[TRACE]      cd "/Users/dmason/Syncplicity Folders/Appcelerator_Studio_Workspace/ARkit/build/iphone"
[TRACE]      export PATH="/Applications/Xcode.app/Contents/Developer/Platforms/iPhoneOS.platform/Developer/usr/bin:/Applications/Xcode.app/Contents/Developer/usr/bin:/Library/Java/JavaVirtualMachines/jdk1.8.0_131.jdk/Contents/Home/bin:/usr/local/bin:/usr/bin:/bin:/usr/sbin:/sbin:/usr/local/sbin"
[TRACE]      export PRODUCT_TYPE=com.apple.product-type.application
[TRACE]      builtin-validationUtility /Users/dmason/Syncplicity\ Folders/Appcelerator_Studio_Workspace/ARkit/build/iphone/build/Products/Debug-iphoneos/ARkit.app
[TRACE]  
[TRACE]  Touch build/Products/Debug-iphoneos/ARkit.app.dSYM
[TRACE]      cd "/Users/dmason/Syncplicity Folders/Appcelerator_Studio_Workspace/ARkit/build/iphone"
[TRACE]      export PATH="/Applications/Xcode.app/Contents/Developer/Platforms/iPhoneOS.platform/Developer/usr/bin:/Applications/Xcode.app/Contents/Developer/usr/bin:/Library/Java/JavaVirtualMachines/jdk1.8.0_131.jdk/Contents/Home/bin:/usr/local/bin:/usr/bin:/bin:/usr/sbin:/sbin:/usr/local/sbin"
[TRACE]      /usr/bin/touch -c /Users/dmason/Syncplicity\ Folders/Appcelerator_Studio_Workspace/ARkit/build/iphone/build/Products/Debug-iphoneos/ARkit.app.dSYM
[TRACE]  
[TRACE]  ** BUILD SUCCEEDED **
[INFO]   Finished building the application in 11s 408ms
[INFO]   Installing app on device: DJ iPhone 8+
[INFO]   App successfully installed on device: DJ iPhone 8+